0 info it worked if it ends with ok
1 verbose cli [ '/opt/boxen/nodenv/versions/v0.10/bin/node',
1 verbose cli   '/opt/boxen/nodenv/versions/v0.10/bin/npm',
1 verbose cli   'start' ]
2 info using npm@1.4.14
3 info using node@v0.10.29
4 verbose node symlink /opt/boxen/nodenv/versions/v0.10/bin/node
5 error Error: ENOENT, open '/Users/sambritton/src/brittonsam/LB/package.json'
6 error If you need help, you may report this *entire* log,
6 error including the npm and node versions, at:
6 error     <http://github.com/npm/npm/issues>
7 error System Darwin 13.2.0
8 error command "/opt/boxen/nodenv/versions/v0.10/bin/node" "/opt/boxen/nodenv/versions/v0.10/bin/npm" "start"
9 error cwd /Users/sambritton/src/brittonsam/LB
10 error node -v v0.10.29
11 error npm -v 1.4.14
12 error path /Users/sambritton/src/brittonsam/LB/package.json
13 error code ENOENT
14 error errno 34
15 verbose exit [ 34, true ]
